0 info it worked if it ends with ok
1 verbose cli [ '/usr/local/bin/node',
1 verbose cli   '/usr/local/bin/npm',
1 verbose cli   'install',
1 verbose cli   '-g',
1 verbose cli   'node' ]
2 info using npm@3.10.10
3 info using node@v6.11.5
4 silly loadCurrentTree Starting
5 silly install loadCurrentTree
6 silly install readGlobalPackageData
7 silly fetchPackageMetaData node
8 silly fetchNamedPackageData node
9 silly mapToRegistry name node
10 silly mapToRegistry using default registry
11 silly mapToRegistry registry https://registry.npm.taobao.org/
12 silly mapToRegistry data Result {
12 silly mapToRegistry   raw: 'node',
12 silly mapToRegistry   scope: null,
12 silly mapToRegistry   escapedName: 'node',
12 silly mapToRegistry   name: 'node',
12 silly mapToRegistry   rawSpec: '',
12 silly mapToRegistry   spec: 'latest',
12 silly mapToRegistry   type: 'tag' }
13 silly mapToRegistry uri https://registry.npm.taobao.org/node
14 verbose request uri https://registry.npm.taobao.org/node
15 verbose request no auth needed
16 info attempt registry request try #1 at 12:35:17
17 verbose request id 872efbceb0a06bc3
18 verbose etag "533ce-bxATCbFxhNogp6A+3441FX2hdco"
19 http request GET https://registry.npm.taobao.org/node
20 http 304 https://registry.npm.taobao.org/node
21 verbose headers { date: 'Mon, 04 Dec 2017 04:33:35 GMT',
21 verbose headers   connection: 'keep-alive',
21 verbose headers   'x-current-requests': '1',
21 verbose headers   vary: 'Origin',
21 verbose headers   etag: '"533ce-bxATCbFxhNogp6A+3441FX2hdco"',
21 verbose headers   'x-readtime': '232' }
22 silly get cb [ 304,
22 silly get   { date: 'Mon, 04 Dec 2017 04:33:35 GMT',
22 silly get     connection: 'keep-alive',
22 silly get     'x-current-requests': '1',
22 silly get     vary: 'Origin',
22 silly get     etag: '"533ce-bxATCbFxhNogp6A+3441FX2hdco"',
22 silly get     'x-readtime': '232' } ]
23 verbose etag https://registry.npm.taobao.org/node from cache
24 verbose get saving node to /Users/CD/.npm/registry.npm.taobao.org/node/.cache.json
25 verbose correctMkdir /Users/CD/.npm correctMkdir not in flight; initializing
26 silly install normalizeTree
27 silly loadCurrentTree Finishing
28 silly loadIdealTree Starting
29 silly install loadIdealTree
30 silly cloneCurrentTree Starting
31 silly install cloneCurrentTreeToIdealTree
32 silly cloneCurrentTree Finishing
33 silly loadShrinkwrap Starting
34 silly install loadShrinkwrap
35 silly loadShrinkwrap Finishing
36 silly loadAllDepsIntoIdealTree Starting
37 silly install loadAllDepsIntoIdealTree
38 silly resolveWithNewModule node@9.2.0 checking installable status
39 silly cache add args [ 'node', null ]
40 verbose cache add spec node
41 silly cache add parsed spec Result {
41 silly cache add   raw: 'node',
41 silly cache add   scope: null,
41 silly cache add   escapedName: 'node',
41 silly cache add   name: 'node',
41 silly cache add   rawSpec: '',
41 silly cache add   spec: 'latest',
41 silly cache add   type: 'tag' }
42 silly addNamed node@latest
43 verbose addNamed "latest" is being treated as a dist-tag for node
44 info addNameTag [ 'node', 'latest' ]
45 silly mapToRegistry name node
46 silly mapToRegistry using default registry
47 silly mapToRegistry registry https://registry.npm.taobao.org/
48 silly mapToRegistry data Result {
48 silly mapToRegistry   raw: 'node',
48 silly mapToRegistry   scope: null,
48 silly mapToRegistry   escapedName: 'node',
48 silly mapToRegistry   name: 'node',
48 silly mapToRegistry   rawSpec: '',
48 silly mapToRegistry   spec: 'latest',
48 silly mapToRegistry   type: 'tag' }
49 silly mapToRegistry uri https://registry.npm.taobao.org/node
50 verbose addNameTag registry:https://registry.npm.taobao.org/node not in flight; fetching
51 verbose get https://registry.npm.taobao.org/node not expired, no request
52 silly addNameTag next cb for node with tag latest
53 silly addNamed node@9.2.0
54 verbose addNamed "9.2.0" is a plain semver version for node
55 silly cache afterAdd node@9.2.0
56 verbose afterAdd /Users/CD/.npm/node/9.2.0/package/package.json not in flight; writing
57 verbose correctMkdir /Users/CD/.npm correctMkdir not in flight; initializing
58 verbose afterAdd /Users/CD/.npm/node/9.2.0/package/package.json written
59 silly fetchNamedPackageData node-bin-setup
60 silly mapToRegistry name node-bin-setup
61 silly mapToRegistry using default registry
62 silly mapToRegistry registry https://registry.npm.taobao.org/
63 silly mapToRegistry data Result {
63 silly mapToRegistry   raw: 'node-bin-setup',
63 silly mapToRegistry   scope: null,
63 silly mapToRegistry   escapedName: 'node-bin-setup',
63 silly mapToRegistry   name: 'node-bin-setup',
63 silly mapToRegistry   rawSpec: '',
63 silly mapToRegistry   spec: 'latest',
63 silly mapToRegistry   type: 'tag' }
64 silly mapToRegistry uri https://registry.npm.taobao.org/node-bin-setup
65 verbose request uri https://registry.npm.taobao.org/node-bin-setup
66 verbose request no auth needed
67 info attempt registry request try #1 at 12:35:18
68 verbose etag "1576-oj2V0FAgngZcKMSow4L3TquWMAU"
69 http request GET https://registry.npm.taobao.org/node-bin-setup
70 http 304 https://registry.npm.taobao.org/node-bin-setup
71 verbose headers { date: 'Mon, 04 Dec 2017 04:33:35 GMT',
71 verbose headers   connection: 'keep-alive',
71 verbose headers   'x-current-requests': '1',
71 verbose headers   vary: 'Origin',
71 verbose headers   etag: '"1576-oj2V0FAgngZcKMSow4L3TquWMAU"',
71 verbose headers   'x-readtime': '121' }
72 silly get cb [ 304,
72 silly get   { date: 'Mon, 04 Dec 2017 04:33:35 GMT',
72 silly get     connection: 'keep-alive',
72 silly get     'x-current-requests': '1',
72 silly get     vary: 'Origin',
72 silly get     etag: '"1576-oj2V0FAgngZcKMSow4L3TquWMAU"',
72 silly get     'x-readtime': '121' } ]
73 verbose etag https://registry.npm.taobao.org/node-bin-setup from cache
74 verbose get saving node-bin-setup to /Users/CD/.npm/registry.npm.taobao.org/node-bin-setup/.cache.json
75 verbose correctMkdir /Users/CD/.npm correctMkdir not in flight; initializing
76 silly resolveWithNewModule node-bin-setup@1.0.6 checking installable status
77 silly cache add args [ 'node-bin-setup@^1.0.0', null ]
78 verbose cache add spec node-bin-setup@^1.0.0
79 silly cache add parsed spec Result {
79 silly cache add   raw: 'node-bin-setup@^1.0.0',
79 silly cache add   scope: null,
79 silly cache add   escapedName: 'node-bin-setup',
79 silly cache add   name: 'node-bin-setup',
79 silly cache add   rawSpec: '^1.0.0',
79 silly cache add   spec: '>=1.0.0 <2.0.0',
79 silly cache add   type: 'range' }
80 silly addNamed node-bin-setup@>=1.0.0 <2.0.0
81 verbose addNamed ">=1.0.0 <2.0.0" is a valid semver range for node-bin-setup
82 silly addNameRange { name: 'node-bin-setup',
82 silly addNameRange   range: '>=1.0.0 <2.0.0',
82 silly addNameRange   hasData: false }
83 silly mapToRegistry name node-bin-setup
84 silly mapToRegistry using default registry
85 silly mapToRegistry registry https://registry.npm.taobao.org/
86 silly mapToRegistry data Result {
86 silly mapToRegistry   raw: 'node-bin-setup',
86 silly mapToRegistry   scope: null,
86 silly mapToRegistry   escapedName: 'node-bin-setup',
86 silly mapToRegistry   name: 'node-bin-setup',
86 silly mapToRegistry   rawSpec: '',
86 silly mapToRegistry   spec: 'latest',
86 silly mapToRegistry   type: 'tag' }
87 silly mapToRegistry uri https://registry.npm.taobao.org/node-bin-setup
88 verbose addNameRange registry:https://registry.npm.taobao.org/node-bin-setup not in flight; fetching
89 verbose get https://registry.npm.taobao.org/node-bin-setup not expired, no request
90 silly addNameRange number 2 { name: 'node-bin-setup',
90 silly addNameRange   range: '>=1.0.0 <2.0.0',
90 silly addNameRange   hasData: true }
91 silly addNameRange versions [ 'node-bin-setup',
91 silly addNameRange   [ '1.0.6', '1.0.4', '1.0.3', '1.0.2', '1.0.1', '1.0.0' ] ]
92 silly addNamed node-bin-setup@1.0.6
93 verbose addNamed "1.0.6" is a plain semver version for node-bin-setup
94 silly cache afterAdd node-bin-setup@1.0.6
95 verbose afterAdd /Users/CD/.npm/node-bin-setup/1.0.6/package/package.json not in flight; writing
96 verbose correctMkdir /Users/CD/.npm correctMkdir not in flight; initializing
97 verbose afterAdd /Users/CD/.npm/node-bin-setup/1.0.6/package/package.json written
98 silly loadAllDepsIntoIdealTree Finishing
99 silly loadIdealTree Finishing
100 silly currentTree lib
101 silly idealTree lib
101 silly idealTree └─┬ node@9.2.0
101 silly idealTree   └── node-bin-setup@1.0.6
102 silly generateActionsToTake Starting
103 silly install generateActionsToTake
104 silly generateActionsToTake Finishing
105 silly diffTrees action count 2
106 silly diffTrees add node-bin-setup@1.0.6
107 silly diffTrees add node@9.2.0
108 silly decomposeActions action count 16
109 silly decomposeActions fetch node-bin-setup@1.0.6
110 silly decomposeActions extract node-bin-setup@1.0.6
111 silly decomposeActions test node-bin-setup@1.0.6
112 silly decomposeActions preinstall node-bin-setup@1.0.6
113 silly decomposeActions build node-bin-setup@1.0.6
114 silly decomposeActions install node-bin-setup@1.0.6
115 silly decomposeActions postinstall node-bin-setup@1.0.6
116 silly decomposeActions finalize node-bin-setup@1.0.6
117 silly decomposeActions fetch node@9.2.0
118 silly decomposeActions extract node@9.2.0
119 silly decomposeActions test node@9.2.0
120 silly decomposeActions preinstall node@9.2.0
121 silly decomposeActions build node@9.2.0
122 silly decomposeActions install node@9.2.0
123 silly decomposeActions postinstall node@9.2.0
124 silly decomposeActions finalize node@9.2.0
125 silly runTopLevelLifecycles Starting
126 silly executeActions Starting
127 silly install executeActions
128 silly doSerial global-install 0
129 silly doParallel fetch 2
130 verbose correctMkdir /Users/CD/.npm/_locks correctMkdir not in flight; initializing
131 verbose lock using /Users/CD/.npm/_locks/staging-3a08f0df5026584d.lock for /usr/local/lib/node_modules/.staging
132 silly doParallel extract 2
133 silly extract node-bin-setup@1.0.6
134 silly extract node@9.2.0
135 verbose unbuild lib/node_modules/.staging/node-bin-setup-e96ff650
136 verbose unbuild lib/node_modules/.staging/node-120c5c5f
137 silly gentlyRm /usr/local/lib/node_modules/.staging/node-bin-setup-e96ff650 is being purged from base /usr/local
138 verbose gentlyRm don't care about contents; nuking /usr/local/lib/node_modules/.staging/node-bin-setup-e96ff650
139 verbose tar unpack /Users/CD/.npm/node-bin-setup/1.0.6/package.tgz
140 verbose tar unpacking to /usr/local/lib/node_modules/.staging/node-bin-setup-e96ff650
141 silly gentlyRm /usr/local/lib/node_modules/.staging/node-bin-setup-e96ff650 is being purged
142 verbose gentlyRm don't care about contents; nuking /usr/local/lib/node_modules/.staging/node-bin-setup-e96ff650
143 silly gentlyRm /usr/local/lib/node_modules/.staging/node-120c5c5f is being purged from base /usr/local
144 verbose gentlyRm don't care about contents; nuking /usr/local/lib/node_modules/.staging/node-120c5c5f
145 silly gunzTarPerm modes [ '755', '644' ]
146 verbose tar unpack /Users/CD/.npm/node/9.2.0/package.tgz
147 verbose tar unpacking to /usr/local/lib/node_modules/.staging/node-120c5c5f
148 silly gentlyRm /usr/local/lib/node_modules/.staging/node-120c5c5f is being purged
149 verbose gentlyRm don't care about contents; nuking /usr/local/lib/node_modules/.staging/node-120c5c5f
150 silly gunzTarPerm modes [ '755', '644' ]
151 silly gunzTarPerm extractEntry package.json
152 silly gunzTarPerm extractEntry package.json
153 silly gunzTarPerm extractEntry index.js
154 silly gunzTarPerm extractEntry installArchSpecificPackage.js
155 silly gunzTarPerm extractEntry README.md
156 silly gentlyRm /usr/local/lib/node_modules/.staging/node-bin-setup-e96ff650/node_modules is being purged
157 verbose gentlyRm don't care about contents; nuking /usr/local/lib/node_modules/.staging/node-bin-setup-e96ff650/node_modules
158 silly gentlyRm /usr/local/lib/node_modules/.staging/node-120c5c5f/node_modules is being purged
159 verbose gentlyRm don't care about contents; nuking /usr/local/lib/node_modules/.staging/node-120c5c5f/node_modules
160 silly doParallel preinstall 2
161 silly preinstall node-bin-setup@1.0.6 /usr/local/lib/node_modules/.staging/node-bin-setup-e96ff650
162 info lifecycle node-bin-setup@1.0.6~preinstall: node-bin-setup@1.0.6
163 silly preinstall node@9.2.0 /usr/local/lib/node_modules/.staging/node-120c5c5f
164 info lifecycle node@9.2.0~preinstall: node@9.2.0
165 silly lifecycle node-bin-setup@1.0.6~preinstall: no script for preinstall, continuing
166 verbose lifecycle node@9.2.0~preinstall: unsafe-perm in lifecycle true
167 verbose lifecycle node@9.2.0~preinstall: PATH: /usr/local/lib/node_modules/npm/bin/node-gyp-bin:/usr/local/lib/node_modules/.staging/node-120c5c5f/node_modules/.bin:/usr/local/lib/node_modules/.bin:/usr/local/bin:/usr/bin:/bin:/usr/sbin:/sbin:/Applications/Wireshark.app/Contents/MacOS
168 verbose lifecycle node@9.2.0~preinstall: CWD: /usr/local/lib/node_modules/.staging/node-120c5c5f
169 silly lifecycle node@9.2.0~preinstall: Args: [ '-c', 'node installArchSpecificPackage' ]
170 silly lifecycle node@9.2.0~preinstall: Returned: code: 1  signal: null
171 info lifecycle node@9.2.0~preinstall: Failed to exec preinstall script
172 verbose unlock done using /Users/CD/.npm/_locks/staging-3a08f0df5026584d.lock for /usr/local/lib/node_modules/.staging
173 silly rollbackFailedOptional Starting
174 silly rollbackFailedOptional Finishing
175 silly runTopLevelLifecycles Finishing
176 silly install printInstalled
177 verbose stack Error: node@9.2.0 preinstall: `node installArchSpecificPackage`
177 verbose stack Exit status 1
177 verbose stack     at EventEmitter.<anonymous> (/usr/local/lib/node_modules/npm/lib/utils/lifecycle.js:255:16)
177 verbose stack     at emitTwo (events.js:106:13)
177 verbose stack     at EventEmitter.emit (events.js:191:7)
177 verbose stack     at ChildProcess.<anonymous> (/usr/local/lib/node_modules/npm/lib/utils/spawn.js:40:14)
177 verbose stack     at emitTwo (events.js:106:13)
177 verbose stack     at ChildProcess.emit (events.js:191:7)
177 verbose stack     at maybeClose (internal/child_process.js:920:16)
177 verbose stack     at Process.ChildProcess._handle.onexit (internal/child_process.js:230:5)
178 verbose pkgid node@9.2.0
179 verbose cwd /Users/CD/class/tt/backend
180 error Darwin 14.5.0
181 error argv "/usr/local/bin/node" "/usr/local/bin/npm" "install" "-g" "node"
182 error node v6.11.5
183 error npm  v3.10.10
184 error code ELIFECYCLE
185 error node@9.2.0 preinstall: `node installArchSpecificPackage`
185 error Exit status 1
186 error Failed at the node@9.2.0 preinstall script 'node installArchSpecificPackage'.
186 error Make sure you have the latest version of node.js and npm installed.
186 error If you do, this is most likely a problem with the node package,
186 error not with npm itself.
186 error Tell the author that this fails on your system:
186 error     node installArchSpecificPackage
186 error You can get information on how to open an issue for this project with:
186 error     npm bugs node
186 error Or if that isn't available, you can get their info via:
186 error     npm owner ls node
186 error There is likely additional logging output above.
187 verbose exit [ 1, true ]
